{
"contracts/Activatable.sol":{"l":{"12":0,"13":0,"17":0,"18":0,"22":0,"26":0,"27":0},"path":"/Users/masamichiiimori/masamichhhhi/quest-contract/contracts/Activatable.sol","s":{"1":0,"2":0,"3":0,"4":0,"5":0},"b":{"1":[0,0],"2":[0,0]},"f":{"1":0,"2":0,"3":0,"4":0},"fnMap":{"1":{"name":"whenActive","line":11,"loc":{"start":{"line":11,"column":2},"end":{"line":14,"column":2}}},"2":{"name":"whenNotActive","line":16,"loc":{"start":{"line":16,"column":2},"end":{"line":19,"column":2}}},"3":{"name":"deactivate","line":21,"loc":{"start":{"line":21,"column":2},"end":{"line":23,"column":2}}},"4":{"name":"activate","line":25,"loc":{"start":{"line":25,"column":2},"end":{"line":28,"column":2}}}},"statementMap":{"1":{"start":{"line":12,"column":4},"end":{"line":12,"column":18}},"2":{"start":{"line":17,"column":4},"end":{"line":17,"column":19}},"3":{"start":{"line":22,"column":4},"end":{"line":22,"column":17}},"4":{"start":{"line":26,"column":4},"end":{"line":26,"column":16}},"5":{"start":{"line":27,"column":4},"end":{"line":27,"column":29}}},"branchMap":{"1":{"line":12,"type":"if","locations":[{"start":{"line":12,"column":4},"end":{"line":12,"column":4}},{"start":{"line":12,"column":4},"end":{"line":12,"column":4}}]},"2":{"line":17,"type":"if","locations":[{"start":{"line":17,"column":4},"end":{"line":17,"column":4}},{"start":{"line":17,"column":4},"end":{"line":17,"column":4}}]}}},
"contracts/Room.sol":{"l":{"28":1,"32":0,"33":0,"37":0,"38":0,"39":0,"40":0,"41":0,"43":0,"44":0,"45":0,"49":0,"51":0,"52":0,"53":0},"path":"/Users/masamichiiimori/masamichhhhi/quest-contract/contracts/Room.sol","s":{"1":1,"2":0,"3":0,"4":0,"5":0,"6":0,"7":0,"8":0,"9":0,"10":0,"11":0,"12":0,"13":0,"14":0,"15":0},"b":{"1":[0,0],"2":[0,0],"3":[0,0],"4":[0,0],"5":[0,0],"6":[0,0],"7":[0,0]},"f":{"1":1,"2":0,"3":0,"4":0},"fnMap":{"1":{"name":"constructor","line":27,"loc":{"start":{"line":27,"column":2},"end":{"line":29,"column":2}}},"2":{"name":"deposit","line":31,"loc":{"start":{"line":31,"column":2},"end":{"line":34,"column":2}}},"3":{"name":"sendReward","line":36,"loc":{"start":{"line":36,"column":2},"end":{"line":46,"column":2}}},"4":{"name":"refundToOwner","line":48,"loc":{"start":{"line":48,"column":2},"end":{"line":54,"column":2}}}},"statementMap":{"1":{"start":{"line":28,"column":4},"end":{"line":28,"column":19}},"2":{"start":{"line":32,"column":4},"end":{"line":32,"column":25}},"3":{"start":{"line":33,"column":4},"end":{"line":33,"column":41}},"4":{"start":{"line":37,"column":4},"end":{"line":37,"column":28}},"5":{"start":{"line":38,"column":4},"end":{"line":38,"column":23}},"6":{"start":{"line":39,"column":4},"end":{"line":39,"column":44}},"7":{"start":{"line":40,"column":4},"end":{"line":40,"column":31}},"8":{"start":{"line":41,"column":4},"end":{"line":41,"column":26}},"9":{"start":{"line":43,"column":4},"end":{"line":43,"column":25}},"10":{"start":{"line":44,"column":4},"end":{"line":44,"column":26}},"11":{"start":{"line":45,"column":4},"end":{"line":45,"column":40}},"12":{"start":{"line":49,"column":4},"end":{"line":49,"column":37}},"13":{"start":{"line":51,"column":4},"end":{"line":51,"column":51}},"14":{"start":{"line":52,"column":4},"end":{"line":52,"column":34}},"15":{"start":{"line":53,"column":4},"end":{"line":53,"column":53}}},"branchMap":{"1":{"line":32,"type":"if","locations":[{"start":{"line":32,"column":4},"end":{"line":32,"column":4}},{"start":{"line":32,"column":4},"end":{"line":32,"column":4}}]},"2":{"line":37,"type":"if","locations":[{"start":{"line":37,"column":4},"end":{"line":37,"column":4}},{"start":{"line":37,"column":4},"end":{"line":37,"column":4}}]},"3":{"line":38,"type":"if","locations":[{"start":{"line":38,"column":4},"end":{"line":38,"column":4}},{"start":{"line":38,"column":4},"end":{"line":38,"column":4}}]},"4":{"line":39,"type":"if","locations":[{"start":{"line":39,"column":4},"end":{"line":39,"column":4}},{"start":{"line":39,"column":4},"end":{"line":39,"column":4}}]},"5":{"line":40,"type":"if","locations":[{"start":{"line":40,"column":4},"end":{"line":40,"column":4}},{"start":{"line":40,"column":4},"end":{"line":40,"column":4}}]},"6":{"line":41,"type":"if","locations":[{"start":{"line":41,"column":4},"end":{"line":41,"column":4}},{"start":{"line":41,"column":4},"end":{"line":41,"column":4}}]},"7":{"line":49,"type":"if","locations":[{"start":{"line":49,"column":4},"end":{"line":49,"column":4}},{"start":{"line":49,"column":4},"end":{"line":49,"column":4}}]}}},
"contracts/RoomFactory.sol":{"l":{"15":1,"16":1},"path":"/Users/masamichiiimori/masamichhhhi/quest-contract/contracts/RoomFactory.sol","s":{"1":1,"2":1},"b":{},"f":{"1":1},"fnMap":{"1":{"name":"createRoom","line":14,"loc":{"start":{"line":14,"column":2},"end":{"line":17,"column":2}}}},"statementMap":{"1":{"start":{"line":15,"column":4},"end":{"line":15,"column":61}},"2":{"start":{"line":16,"column":4},"end":{"line":16,"column":52}}},"branchMap":{}}}
